<?xml version="1.0" encoding="UTF-8"?>
<testsuite xmlns:xsi="http://www.w3.org/2001/XMLSchema-instance" xsi:noNamespaceSchemaLocation="https://maven.apache.org/surefire/maven-surefire-plugin/xsd/surefire-test-report-3.0.xsd" version="3.0" name="com.gyana.docker.SpringBootDockerApplicationTests" time="4.232" tests="1" errors="0" skipped="0" failures="0">
  <properties>
[...]
</properties>
  <testcase name="contextLoads" classname="com.gyana.docker.SpringBootDockerApplicationTests" time="1.385">
    <system-out><![CDATA[01:46:27.332 [main] INFO org.springframework.test.context.support.AnnotationConfigContextLoaderUtils -- Could not detect default configuration classes for test class [com.gyana.docker.SpringBootDockerApplicationTests]: SpringBootDockerApplicationTests does not declare any static, non-private, non-final, nested classes annotated with @Configuration.
01:46:27.532 [main] INFO org.springframework.boot.test.context.SpringBootTestContextBootstrapper -- Found @SpringBootConfiguration com.gyana.docker.SpringBootDockerApplication for test class com.gyana.docker.SpringBootDockerApplicationTests

  .   ____          _            __ _ _
 /\\ / ___'_ __ _ _(_)_ __  __ _ \ \ \ \
( ( )\___ | '_ | '_| | '_ \/ _` | \ \ \ \
 \\/  ___)| |_)| | | | | || (_| |  ) ) ) )
  '  |____| .__|_| |_|_| |_\__, | / / / /
 =========|_|==============|___/=/_/_/_/

 :: Spring Boot ::                (v3.3.4)

2024-09-24T01:46:28.196+05:30  INFO 11176 --- [spring-boot-docker] [           main] c.g.d.SpringBootDockerApplicationTests   : Starting SpringBootDockerApplicationTests using Java 17.0.3 with PID 11176 (started by gyana in C:\Users\gyana\Documents\workspace-spring-tool-suite-4-4.15.1.RELEASE\spring-boot-docker)
2024-09-24T01:46:28.198+05:30  INFO 11176 --- [spring-boot-docker] [           main] c.g.d.SpringBootDockerApplicationTests   : No active profile set, falling back to 1 default profile: "default"
2024-09-24T01:46:29.864+05:30  INFO 11176 --- [spring-boot-docker] [           main] c.g.d.SpringBootDockerApplicationTests   : Started SpringBootDockerApplicationTests in 2.104 seconds (process running for 3.793)
]]></system-out>
  </testcase>
</testsuite>